[18:52:10] [Server thread/INFO]: Starting minecraft server version 1.8
[18:52:10] [Server console handler/ERROR]: Exception handling console input
java.io.IOException: The handle is invalid
	at java.io.FileInputStream.readBytes(Native Method) ~[?:1.8.0_25]
	at java.io.FileInputStream.read(Unknown Source) ~[?:1.8.0_25]
	at java.io.BufferedInputStream.read1(Unknown Source) ~[?:1.8.0_25]
	at java.io.BufferedInputStream.read(Unknown Source) ~[?:1.8.0_25]
	at sun.nio.cs.StreamDecoder.readBytes(Unknown Source) ~[?:1.8.0_25]
	at sun.nio.cs.StreamDecoder.implRead(Unknown Source) ~[?:1.8.0_25]
	at sun.nio.cs.StreamDecoder.read(Unknown Source) ~[?:1.8.0_25]
	at java.io.InputStreamReader.read(Unknown Source) ~[?:1.8.0_25]
	at java.io.BufferedReader.fill(Unknown Source) ~[?:1.8.0_25]
	at java.io.BufferedReader.readLine(Unknown Source) ~[?:1.8.0_25]
	at java.io.BufferedReader.readLine(Unknown Source) ~[?:1.8.0_25]
	at pq.run(SourceFile:80) [minecraft_server.1.8.exe:?]
[18:52:10] [Server thread/INFO]: Loading properties
[18:52:10] [Server thread/INFO]: Default game type: SURVIVAL
[18:52:10] [Server thread/INFO]: Generating keypair
[18:52:10] [Server thread/INFO]: Starting Minecraft server on 25.116.235.117:25565
[18:52:11] [Server thread/INFO]: Preparing level "world"
[18:52:11] [Server thread/INFO]: Preparing start region for level 0
[18:52:12] [Server thread/INFO]: Preparing spawn area: 82%
[18:52:12] [Server thread/INFO]: Done (1,330s)! For help, type "help" or "?"
[18:52:18] [User Authenticator #1/INFO]: UUID of player ColdTiger9 is 90b0fb21-28c3-4b1a-b625-8799b616b078
[18:52:18] [Server thread/INFO]: ColdTiger9[/25.164.147.164:54085] logged in with entity id 232 at (-228.4880578828243, 62.862382153659325, -55.000117837399976)
[18:52:18] [Server thread/INFO]: ColdTiger9 joined the game
[18:53:35] [Server thread/INFO]: ColdTiger9 has just earned the achievement [Monster Hunter]
[19:14:29] [Server thread/INFO]: ColdTiger9 lost connection: TextComponent{text='Disconnected', siblings=[], style=Style{hasParent=false, color=null, bold=null, italic=null, underlined=null, obfuscated=null, clickEvent=null, hoverEvent=null, insertion=null}}
[19:14:29] [Server thread/INFO]: ColdTiger9 left the game
[19:27:29] [Server thread/INFO]: Stopping server
[19:27:29] [Server thread/INFO]: Saving players
[19:27:29] [Server thread/INFO]: Saving worlds
[19:27:29] [Server thread/INFO]: Saving chunks for level 'world'/Overworld
[19:27:29] [Server thread/INFO]: Saving chunks for level 'world'/Nether
[19:27:29] [Server thread/INFO]: Saving chunks for level 'world'/The End
[19:27:30] [Server Shutdown Thread/INFO]: Stopping server
[19:27:30] [Server Shutdown Thread/INFO]: Saving players
[19:27:30] [Server Shutdown Thread/INFO]: Saving worlds
[19:27:30] [Server Shutdown Thread/INFO]: Saving chunks for level 'world'/Overworld
